{"E:\\aproj\\cxy\\frontend\\src\\App.tsx": {"path":"E:\\aproj\\cxy\\frontend\\src\\App.tsx","all":false,"statementMap":{"0":{"start":{"line":1,"column":0},"end":{"line":1,"column":34}},"1":{"start":{"line":2,"column":0},"end":{"line":2,"column":74}},"2":{"start":{"line":3,"column":0},"end":{"line":3,"column":58}},"3":{"start":{"line":4,"column":0},"end":{"line":4,"column":47}},"4":{"start":{"line":5,"column":0},"end":{"line":5,"column":37}},"5":{"start":{"line":6,"column":0},"end":{"line":6,"column":37}},"6":{"start":{"line":7,"column":0},"end":{"line":7,"column":38}},"7":{"start":{"line":8,"column":0},"end":{"line":8,"column":46}},"8":{"start":{"line":9,"column":0},"end":{"line":9,"column":42}},"9":{"start":{"line":10,"column":0},"end":{"line":10,"column":40}},"10":{"start":{"line":11,"column":0},"end":{"line":11,"column":40}},"11":{"start":{"line":12,"column":0},"end":{"line":12,"column":34}},"12":{"start":{"line":13,"column":0},"end":{"line":13,"column":24}},"14":{"start":{"line":15,"column":0},"end":{"line":15,"column":16}},"15":{"start":{"line":16,"column":0},"end":{"line":16,"column":42}},"16":{"start":{"line":17,"column":0},"end":{"line":17,"column":36}},"18":{"start":{"line":19,"column":0},"end":{"line":19,"column":19}},"19":{"start":{"line":20,"column":0},"end":{"line":20,"column":32}},"20":{"start":{"line":21,"column":0},"end":{"line":21,"column":47}},"21":{"start":{"line":22,"column":0},"end":{"line":22,"column":28}},"23":{"start":{"line":24,"column":0},"end":{"line":24,"column":51}},"25":{"start":{"line":26,"column":0},"end":{"line":26,"column":10}},"26":{"start":{"line":27,"column":0},"end":{"line":27,"column":19}},"27":{"start":{"line":28,"column":0},"end":{"line":28,"column":25}},"28":{"start":{"line":29,"column":0},"end":{"line":29,"column":14}},"29":{"start":{"line":30,"column":0},"end":{"line":30,"column":91}},"30":{"start":{"line":31,"column":0},"end":{"line":31,"column":16}},"31":{"start":{"line":32,"column":0},"end":{"line":32,"column":34}},"32":{"start":{"line":33,"column":0},"end":{"line":33,"column":10}},"33":{"start":{"line":34,"column":0},"end":{"line":34,"column":8}},"35":{"start":{"line":36,"column":0},"end":{"line":36,"column":21}},"36":{"start":{"line":37,"column":0},"end":{"line":37,"column":16}},"37":{"start":{"line":38,"column":0},"end":{"line":38,"column":53}},"38":{"start":{"line":39,"column":0},"end":{"line":39,"column":51}},"39":{"start":{"line":40,"column":0},"end":{"line":40,"column":74}},"40":{"start":{"line":41,"column":0},"end":{"line":41,"column":62}},"41":{"start":{"line":42,"column":0},"end":{"line":42,"column":57}},"42":{"start":{"line":43,"column":0},"end":{"line":43,"column":60}},"43":{"start":{"line":44,"column":0},"end":{"line":44,"column":18}},"44":{"start":{"line":45,"column":0},"end":{"line":45,"column":17}},"45":{"start":{"line":46,"column":0},"end":{"line":46,"column":22}},"46":{"start":{"line":47,"column":0},"end":{"line":47,"column":21}},"48":{"start":{"line":49,"column":0},"end":{"line":49,"column":1}},"50":{"start":{"line":51,"column":0},"end":{"line":51,"column":19}}},"s":{"0":1,"1":1,"2":1,"3":1,"4":1,"5":1,"6":1,"7":1,"8":1,"9":1,"10":1,"11":1,"12":1,"14":3,"15":3,"16":3,"18":3,"19":1,"20":1,"21":3,"23":3,"25":3,"26":3,"27":3,"28":3,"29":3,"30":3,"31":3,"32":3,"33":3,"35":3,"36":3,"37":3,"38":3,"39":3,"40":3,"41":3,"42":3,"43":3,"44":3,"45":3,"46":3,"48":3,"50":1},"branchMap":{"0":{"type":"branch","line":15,"loc":{"start":{"line":15,"column":0},"end":{"line":49,"column":1}},"locations":[{"start":{"line":15,"column":0},"end":{"line":49,"column":1}}]},"1":{"type":"branch","line":24,"loc":{"start":{"line":24,"column":32},"end":{"line":24,"column":46}},"locations":[{"start":{"line":24,"column":32},"end":{"line":24,"column":46}}]},"2":{"type":"branch","line":24,"loc":{"start":{"line":24,"column":39},"end":{"line":24,"column":51}},"locations":[{"start":{"line":24,"column":39},"end":{"line":24,"column":51}}]},"3":{"type":"branch","line":30,"loc":{"start":{"line":30,"column":29},"end":{"line":30,"column":64}},"locations":[{"start":{"line":30,"column":29},"end":{"line":30,"column":64}}]},"4":{"type":"branch","line":30,"loc":{"start":{"line":30,"column":48},"end":{"line":30,"column":91}},"locations":[{"start":{"line":30,"column":48},"end":{"line":30,"column":91}}]},"5":{"type":"branch","line":19,"loc":{"start":{"line":19,"column":12},"end":{"line":22,"column":5}},"locations":[{"start":{"line":19,"column":12},"end":{"line":22,"column":5}}]}},"b":{"0":[3],"1":[2],"2":[0],"3":[0],"4":[2],"5":[1]},"fnMap":{"0":{"name":"App","decl":{"start":{"line":15,"column":0},"end":{"line":49,"column":1}},"loc":{"start":{"line":15,"column":0},"end":{"line":49,"column":1}},"line":15}},"f":{"0":3}}
,"E:\\aproj\\cxy\\frontend\\src\\vite-env.d.ts": {"path":"E:\\aproj\\cxy\\frontend\\src\\vite-env.d.ts","all":true,"statementMap":{},"s":{},"branchMap":{"0":{"type":"branch","line":1,"loc":{"start":{"line":1,"column":37},"end":{"line":1,"column":37}},"locations":[{"start":{"line":1,"column":37},"end":{"line":1,"column":37}}]}},"b":{"0":[1]},"fnMap":{"0":{"name":"(empty-report)","decl":{"start":{"line":1,"column":37},"end":{"line":1,"column":37}},"loc":{"start":{"line":1,"column":37},"end":{"line":1,"column":37}},"line":1}},"f":{"0":1}}
,"E:\\aproj\\cxy\\frontend\\src\\layouts\\MainLayout.tsx": {"path":"E:\\aproj\\cxy\\frontend\\src\\layouts\\MainLayout.tsx","all":false,"statementMap":{"0":{"start":{"line":1,"column":0},"end":{"line":1,"column":40}},"1":{"start":{"line":2,"column":0},"end":{"line":2,"column":62}},"2":{"start":{"line":3,"column":0},"end":{"line":3,"column":68}},"3":{"start":{"line":4,"column":0},"end":{"line":4,"column":47}},"13":{"start":{"line":14,"column":0},"end":{"line":14,"column":27}},"14":{"start":{"line":15,"column":0},"end":{"line":15,"column":39}},"16":{"start":{"line":17,"column":0},"end":{"line":17,"column":42}},"18":{"start":{"line":19,"column":0},"end":{"line":19,"column":36}},"19":{"start":{"line":20,"column":0},"end":{"line":20,"column":52}},"20":{"start":{"line":21,"column":0},"end":{"line":21,"column":33}},"21":{"start":{"line":22,"column":0},"end":{"line":22,"column":33}},"22":{"start":{"line":23,"column":0},"end":{"line":23,"column":33}},"23":{"start":{"line":24,"column":0},"end":{"line":24,"column":63}},"25":{"start":{"line":26,"column":0},"end":{"line":26,"column":21}},"26":{"start":{"line":27,"column":0},"end":{"line":27,"column":5}},"27":{"start":{"line":28,"column":0},"end":{"line":28,"column":24}},"28":{"start":{"line":29,"column":0},"end":{"line":29,"column":34}},"29":{"start":{"line":30,"column":0},"end":{"line":30,"column":28}},"30":{"start":{"line":31,"column":0},"end":{"line":31,"column":6}},"31":{"start":{"line":32,"column":0},"end":{"line":32,"column":5}},"32":{"start":{"line":33,"column":0},"end":{"line":33,"column":20}},"33":{"start":{"line":34,"column":0},"end":{"line":34,"column":36}},"34":{"start":{"line":35,"column":0},"end":{"line":35,"column":24}},"35":{"start":{"line":36,"column":0},"end":{"line":36,"column":6}},"36":{"start":{"line":37,"column":0},"end":{"line":37,"column":5}},"37":{"start":{"line":38,"column":0},"end":{"line":38,"column":23}},"38":{"start":{"line":39,"column":0},"end":{"line":39,"column":34}},"39":{"start":{"line":40,"column":0},"end":{"line":40,"column":27}},"40":{"start":{"line":41,"column":0},"end":{"line":41,"column":6}},"43":{"start":{"line":44,"column":0},"end":{"line":44,"column":29}},"44":{"start":{"line":45,"column":0},"end":{"line":45,"column":51}},"45":{"start":{"line":46,"column":0},"end":{"line":46,"column":4}},"47":{"start":{"line":48,"column":0},"end":{"line":48,"column":30}},"48":{"start":{"line":49,"column":0},"end":{"line":49,"column":45}},"49":{"start":{"line":50,"column":0},"end":{"line":50,"column":4}},"51":{"start":{"line":52,"column":0},"end":{"line":52,"column":10}},"52":{"start":{"line":53,"column":0},"end":{"line":53,"column":37}},"53":{"start":{"line":54,"column":0},"end":{"line":54,"column":106}},"54":{"start":{"line":55,"column":0},"end":{"line":55,"column":97}},"55":{"start":{"line":56,"column":0},"end":{"line":56,"column":52}},"56":{"start":{"line":57,"column":0},"end":{"line":57,"column":14}},"57":{"start":{"line":58,"column":0},"end":{"line":58,"column":13}},"58":{"start":{"line":59,"column":0},"end":{"line":59,"column":53}},"59":{"start":{"line":60,"column":0},"end":{"line":60,"column":23}},"60":{"start":{"line":61,"column":0},"end":{"line":61,"column":44}},"61":{"start":{"line":62,"column":0},"end":{"line":62,"column":27}},"62":{"start":{"line":63,"column":0},"end":{"line":63,"column":46}},"64":{"start":{"line":65,"column":0},"end":{"line":65,"column":14}},"65":{"start":{"line":66,"column":0},"end":{"line":66,"column":14}},"66":{"start":{"line":67,"column":0},"end":{"line":67,"column":123}},"67":{"start":{"line":68,"column":0},"end":{"line":68,"column":17}},"68":{"start":{"line":69,"column":0},"end":{"line":69,"column":23}},"69":{"start":{"line":70,"column":0},"end":{"line":70,"column":76}},"70":{"start":{"line":71,"column":0},"end":{"line":71,"column":52}},"71":{"start":{"line":72,"column":0},"end":{"line":72,"column":33}},"73":{"start":{"line":74,"column":0},"end":{"line":74,"column":55}},"74":{"start":{"line":75,"column":0},"end":{"line":75,"column":86}},"75":{"start":{"line":76,"column":0},"end":{"line":76,"column":45}},"76":{"start":{"line":77,"column":0},"end":{"line":77,"column":21}},"77":{"start":{"line":78,"column":0},"end":{"line":78,"column":19}},"78":{"start":{"line":79,"column":0},"end":{"line":79,"column":48}},"79":{"start":{"line":80,"column":0},"end":{"line":80,"column":50}},"80":{"start":{"line":81,"column":0},"end":{"line":81,"column":40}},"81":{"start":{"line":82,"column":0},"end":{"line":82,"column":36}},"83":{"start":{"line":84,"column":0},"end":{"line":84,"column":56}},"85":{"start":{"line":86,"column":0},"end":{"line":86,"column":21}},"86":{"start":{"line":87,"column":0},"end":{"line":87,"column":16}},"87":{"start":{"line":88,"column":0},"end":{"line":88,"column":17}},"88":{"start":{"line":89,"column":0},"end":{"line":89,"column":89}},"89":{"start":{"line":90,"column":0},"end":{"line":90,"column":20}},"90":{"start":{"line":91,"column":0},"end":{"line":91,"column":18}},"91":{"start":{"line":92,"column":0},"end":{"line":92,"column":15}},"92":{"start":{"line":93,"column":0},"end":{"line":93,"column":13}},"94":{"start":{"line":95,"column":0},"end":{"line":95,"column":2}},"96":{"start":{"line":97,"column":0},"end":{"line":97,"column":26}}},"s":{"0":1,"1":1,"2":1,"3":1,"13":1,"14":1,"16":1,"18":1,"19":9,"20":9,"21":9,"22":9,"23":9,"25":9,"26":9,"27":9,"28":9,"29":9,"30":9,"31":9,"32":9,"33":9,"34":9,"35":9,"36":9,"37":9,"38":9,"39":9,"40":9,"43":9,"44":1,"45":1,"47":9,"48":1,"49":1,"51":9,"52":9,"53":9,"54":9,"55":9,"56":9,"57":9,"58":9,"59":9,"60":9,"61":9,"62":9,"64":9,"65":9,"66":9,"67":9,"68":9,"69":9,"70":9,"71":9,"73":9,"74":9,"75":9,"76":9,"77":9,"78":9,"79":9,"80":9,"81":9,"83":9,"85":9,"86":9,"87":9,"88":9,"89":9,"90":9,"91":9,"92":9,"94":9,"96":1},"branchMap":{"0":{"type":"branch","line":19,"loc":{"start":{"line":19,"column":29},"end":{"line":95,"column":2}},"locations":[{"start":{"line":19,"column":29},"end":{"line":95,"column":2}}]},"1":{"type":"branch","line":54,"loc":{"start":{"line":54,"column":79},"end":{"line":54,"column":97}},"locations":[{"start":{"line":54,"column":79},"end":{"line":54,"column":97}}]},"2":{"type":"branch","line":54,"loc":{"start":{"line":54,"column":88},"end":{"line":54,"column":106}},"locations":[{"start":{"line":54,"column":88},"end":{"line":54,"column":106}}]},"3":{"type":"branch","line":56,"loc":{"start":{"line":56,"column":11},"end":{"line":56,"column":31}},"locations":[{"start":{"line":56,"column":11},"end":{"line":56,"column":31}}]},"4":{"type":"branch","line":56,"loc":{"start":{"line":56,"column":23},"end":{"line":56,"column":52}},"locations":[{"start":{"line":56,"column":23},"end":{"line":56,"column":52}}]},"5":{"type":"branch","line":59,"loc":{"start":{"line":59,"column":27},"end":{"line":59,"column":45}},"locations":[{"start":{"line":59,"column":27},"end":{"line":59,"column":45}}]},"6":{"type":"branch","line":59,"loc":{"start":{"line":59,"column":36},"end":{"line":59,"column":53}},"locations":[{"start":{"line":59,"column":36},"end":{"line":59,"column":53}}]},"7":{"type":"branch","line":67,"loc":{"start":{"line":67,"column":83},"end":{"line":67,"column":109}},"locations":[{"start":{"line":67,"column":83},"end":{"line":67,"column":109}}]},"8":{"type":"branch","line":67,"loc":{"start":{"line":67,"column":92},"end":{"line":67,"column":119}},"locations":[{"start":{"line":67,"column":92},"end":{"line":67,"column":119}}]},"9":{"type":"branch","line":70,"loc":{"start":{"line":70,"column":18},"end":{"line":70,"column":55}},"locations":[{"start":{"line":70,"column":18},"end":{"line":70,"column":55}}]},"10":{"type":"branch","line":70,"loc":{"start":{"line":70,"column":49},"end":{"line":70,"column":76}},"locations":[{"start":{"line":70,"column":49},"end":{"line":70,"column":76}}]},"11":{"type":"branch","line":76,"loc":{"start":{"line":76,"column":26},"end":{"line":76,"column":40}},"locations":[{"start":{"line":76,"column":26},"end":{"line":76,"column":40}}]},"12":{"type":"branch","line":76,"loc":{"start":{"line":76,"column":33},"end":{"line":76,"column":45}},"locations":[{"start":{"line":76,"column":33},"end":{"line":76,"column":45}}]},"13":{"type":"branch","line":44,"loc":{"start":{"line":44,"column":22},"end":{"line":46,"column":4}},"locations":[{"start":{"line":44,"column":22},"end":{"line":46,"column":4}}]},"14":{"type":"branch","line":45,"loc":{"start":{"line":45,"column":33},"end":{"line":45,"column":49}},"locations":[{"start":{"line":45,"column":33},"end":{"line":45,"column":49}}]},"15":{"type":"branch","line":48,"loc":{"start":{"line":48,"column":23},"end":{"line":50,"column":4}},"locations":[{"start":{"line":48,"column":23},"end":{"line":50,"column":4}}]},"16":{"type":"branch","line":49,"loc":{"start":{"line":49,"column":32},"end":{"line":49,"column":43}},"locations":[{"start":{"line":49,"column":32},"end":{"line":49,"column":43}}]}},"b":{"0":[9],"1":[3],"2":[4],"3":[0],"4":[7],"5":[3],"6":[4],"7":[3],"8":[4],"9":[0],"10":[7],"11":[6],"12":[1],"13":[1],"14":[0],"15":[1],"16":[0]},"fnMap":{"0":{"name":"MainLayout","decl":{"start":{"line":19,"column":29},"end":{"line":95,"column":2}},"loc":{"start":{"line":19,"column":29},"end":{"line":95,"column":2}},"line":19},"1":{"name":"toggleTheme","decl":{"start":{"line":44,"column":22},"end":{"line":46,"column":4}},"loc":{"start":{"line":44,"column":22},"end":{"line":46,"column":4}},"line":44},"2":{"name":"toggleLocale","decl":{"start":{"line":48,"column":23},"end":{"line":50,"column":4}},"loc":{"start":{"line":48,"column":23},"end":{"line":50,"column":4}},"line":48},"3":{"name":"onClick","decl":{"start":{"line":63,"column":19},"end":{"line":63,"column":46}},"loc":{"start":{"line":63,"column":19},"end":{"line":63,"column":46}},"line":63},"4":{"name":"onClick","decl":{"start":{"line":71,"column":21},"end":{"line":71,"column":52}},"loc":{"start":{"line":71,"column":21},"end":{"line":71,"column":52}},"line":71}},"f":{"0":9,"1":1,"2":1,"3":0,"4":0}}
,"E:\\aproj\\cxy\\frontend\\src\\locales\\i18n.ts": {"path":"E:\\aproj\\cxy\\frontend\\src\\locales\\i18n.ts","all":false,"statementMap":{"0":{"start":{"line":1,"column":0},"end":{"line":1,"column":27}},"1":{"start":{"line":2,"column":0},"end":{"line":2,"column":49}},"3":{"start":{"line":4,"column":0},"end":{"line":4,"column":19}},"4":{"start":{"line":5,"column":0},"end":{"line":5,"column":7}},"5":{"start":{"line":6,"column":0},"end":{"line":6,"column":18}},"6":{"start":{"line":7,"column":0},"end":{"line":7,"column":23}},"7":{"start":{"line":8,"column":0},"end":{"line":8,"column":31}},"8":{"start":{"line":9,"column":0},"end":{"line":9,"column":27}},"9":{"start":{"line":10,"column":0},"end":{"line":10,"column":34}},"10":{"start":{"line":11,"column":0},"end":{"line":11,"column":29}},"11":{"start":{"line":12,"column":0},"end":{"line":12,"column":23}},"12":{"start":{"line":13,"column":0},"end":{"line":13,"column":23}},"13":{"start":{"line":14,"column":0},"end":{"line":14,"column":21}},"14":{"start":{"line":15,"column":0},"end":{"line":15,"column":28}},"15":{"start":{"line":16,"column":0},"end":{"line":16,"column":5}},"16":{"start":{"line":17,"column":0},"end":{"line":17,"column":4}},"17":{"start":{"line":18,"column":0},"end":{"line":18,"column":7}},"18":{"start":{"line":19,"column":0},"end":{"line":19,"column":18}},"19":{"start":{"line":20,"column":0},"end":{"line":20,"column":20}},"20":{"start":{"line":21,"column":0},"end":{"line":21,"column":25}},"21":{"start":{"line":22,"column":0},"end":{"line":22,"column":22}},"22":{"start":{"line":23,"column":0},"end":{"line":23,"column":25}},"23":{"start":{"line":24,"column":0},"end":{"line":24,"column":23}},"24":{"start":{"line":25,"column":0},"end":{"line":25,"column":20}},"25":{"start":{"line":26,"column":0},"end":{"line":26,"column":20}},"26":{"start":{"line":27,"column":0},"end":{"line":27,"column":19}},"27":{"start":{"line":28,"column":0},"end":{"line":28,"column":22}},"28":{"start":{"line":29,"column":0},"end":{"line":29,"column":5}},"29":{"start":{"line":30,"column":0},"end":{"line":30,"column":3}},"30":{"start":{"line":31,"column":0},"end":{"line":31,"column":2}},"32":{"start":{"line":33,"column":0},"end":{"line":33,"column":4}},"33":{"start":{"line":34,"column":0},"end":{"line":34,"column":24}},"34":{"start":{"line":35,"column":0},"end":{"line":35,"column":9}},"35":{"start":{"line":36,"column":0},"end":{"line":36,"column":14}},"36":{"start":{"line":37,"column":0},"end":{"line":37,"column":14}},"37":{"start":{"line":38,"column":0},"end":{"line":38,"column":22}},"38":{"start":{"line":39,"column":0},"end":{"line":39,"column":20}},"39":{"start":{"line":40,"column":0},"end":{"line":40,"column":24}},"40":{"start":{"line":41,"column":0},"end":{"line":41,"column":5}},"41":{"start":{"line":42,"column":0},"end":{"line":42,"column":5}},"43":{"start":{"line":44,"column":0},"end":{"line":44,"column":20}}},"s":{"0":1,"1":1,"3":1,"4":1,"5":1,"6":1,"7":1,"8":1,"9":1,"10":1,"11":1,"12":1,"13":1,"14":1,"15":1,"16":1,"17":1,"18":1,"19":1,"20":1,"21":1,"22":1,"23":1,"24":1,"25":1,"26":1,"27":1,"28":1,"29":1,"30":1,"32":1,"33":1,"34":1,"35":1,"36":1,"37":1,"38":1,"39":1,"40":1,"41":1,"43":1},"branchMap":{},"b":{},"fnMap":{},"f":{}}
,"E:\\aproj\\cxy\\frontend\\src\\pages\\Analysis.tsx": {"path":"E:\\aproj\\cxy\\frontend\\src\\pages\\Analysis.tsx","all":false,"statementMap":{"0":{"start":{"line":1,"column":0},"end":{"line":1,"column":51}},"1":{"start":{"line":2,"column":0},"end":{"line":2,"column":143}},"2":{"start":{"line":3,"column":0},"end":{"line":3,"column":88}},"3":{"start":{"line":4,"column":0},"end":{"line":4,"column":47}},"4":{"start":{"line":5,"column":0},"end":{"line":5,"column":41}},"5":{"start":{"line":6,"column":0},"end":{"line":6,"column":104}},"7":{"start":{"line":8,"column":0},"end":{"line":8,"column":33}},"8":{"start":{"line":9,"column":0},"end":{"line":9,"column":26}},"10":{"start":{"line":11,"column":0},"end":{"line":11,"column":34}},"11":{"start":{"line":12,"column":0},"end":{"line":12,"column":33}},"12":{"start":{"line":13,"column":0},"end":{"line":13,"column":32}},"13":{"start":{"line":14,"column":0},"end":{"line":14,"column":48}},"14":{"start":{"line":15,"column":0},"end":{"line":15,"column":50}},"15":{"start":{"line":16,"column":0},"end":{"line":16,"column":48}},"16":{"start":{"line":17,"column":0},"end":{"line":17,"column":76}},"18":{"start":{"line":19,"column":0},"end":{"line":19,"column":19}},"19":{"start":{"line":20,"column":0},"end":{"line":20,"column":69}},"20":{"start":{"line":21,"column":0},"end":{"line":21,"column":9}},"22":{"start":{"line":23,"column":0},"end":{"line":23,"column":19}},"23":{"start":{"line":24,"column":0},"end":{"line":24,"column":22}},"24":{"start":{"line":25,"column":0},"end":{"line":25,"column":25}},"25":{"start":{"line":26,"column":0},"end":{"line":26,"column":42}},"26":{"start":{"line":27,"column":0},"end":{"line":27,"column":13}},"27":{"start":{"line":28,"column":0},"end":{"line":28,"column":62}},"28":{"start":{"line":29,"column":0},"end":{"line":29,"column":43}},"29":{"start":{"line":30,"column":0},"end":{"line":30,"column":23}},"30":{"start":{"line":31,"column":0},"end":{"line":31,"column":41}},"31":{"start":{"line":32,"column":0},"end":{"line":32,"column":47}},"32":{"start":{"line":33,"column":0},"end":{"line":33,"column":52}},"33":{"start":{"line":34,"column":0},"end":{"line":34,"column":58}},"36":{"start":{"line":37,"column":0},"end":{"line":37,"column":24}},"37":{"start":{"line":38,"column":0},"end":{"line":38,"column":34}},"38":{"start":{"line":39,"column":0},"end":{"line":39,"column":33}},"39":{"start":{"line":40,"column":0},"end":{"line":40,"column":36}},"40":{"start":{"line":41,"column":0},"end":{"line":41,"column":16}},"41":{"start":{"line":42,"column":0},"end":{"line":42,"column":30}},"42":{"start":{"line":43,"column":0},"end":{"line":43,"column":44}},"43":{"start":{"line":44,"column":0},"end":{"line":44,"column":44}},"44":{"start":{"line":45,"column":0},"end":{"line":45,"column":44}},"45":{"start":{"line":46,"column":0},"end":{"line":46,"column":42}},"47":{"start":{"line":48,"column":0},"end":{"line":48,"column":15}},"48":{"start":{"line":49,"column":0},"end":{"line":49,"column":30}},"49":{"start":{"line":50,"column":0},"end":{"line":50,"column":36}},"50":{"start":{"line":51,"column":0},"end":{"line":51,"column":36}},"51":{"start":{"line":52,"column":0},"end":{"line":52,"column":11}},"52":{"start":{"line":53,"column":0},"end":{"line":53,"column":25}},"53":{"start":{"line":54,"column":0},"end":{"line":54,"column":31}},"54":{"start":{"line":55,"column":0},"end":{"line":55,"column":9}},"55":{"start":{"line":56,"column":0},"end":{"line":56,"column":15}},"56":{"start":{"line":57,"column":0},"end":{"line":57,"column":5}},"57":{"start":{"line":58,"column":0},"end":{"line":58,"column":41}},"58":{"start":{"line":59,"column":0},"end":{"line":59,"column":23}},"60":{"start":{"line":61,"column":0},"end":{"line":61,"column":48}},"61":{"start":{"line":62,"column":0},"end":{"line":62,"column":21}},"62":{"start":{"line":63,"column":0},"end":{"line":63,"column":20}},"63":{"start":{"line":64,"column":0},"end":{"line":64,"column":9}},"64":{"start":{"line":65,"column":0},"end":{"line":65,"column":23}},"65":{"start":{"line":66,"column":0},"end":{"line":66,"column":36}},"66":{"start":{"line":67,"column":0},"end":{"line":67,"column":26}},"67":{"start":{"line":68,"column":0},"end":{"line":68,"column":16}},"68":{"start":{"line":69,"column":0},"end":{"line":69,"column":54}},"69":{"start":{"line":70,"column":0},"end":{"line":70,"column":39}},"70":{"start":{"line":71,"column":0},"end":{"line":71,"column":55}},"71":{"start":{"line":72,"column":0},"end":{"line":72,"column":53}},"72":{"start":{"line":73,"column":0},"end":{"line":73,"column":49}},"73":{"start":{"line":74,"column":0},"end":{"line":74,"column":43}},"74":{"start":{"line":75,"column":0},"end":{"line":75,"column":63}},"75":{"start":{"line":76,"column":0},"end":{"line":76,"column":53}},"76":{"start":{"line":77,"column":0},"end":{"line":77,"column":47}},"77":{"start":{"line":78,"column":0},"end":{"line":78,"column":49}},"78":{"start":{"line":79,"column":0},"end":{"line":79,"column":9}},"79":{"start":{"line":80,"column":0},"end":{"line":80,"column":8}},"80":{"start":{"line":81,"column":0},"end":{"line":81,"column":47}},"81":{"start":{"line":82,"column":0},"end":{"line":82,"column":40}},"82":{"start":{"line":83,"column":0},"end":{"line":83,"column":21}},"83":{"start":{"line":84,"column":0},"end":{"line":84,"column":30}},"84":{"start":{"line":85,"column":0},"end":{"line":85,"column":24}},"85":{"start":{"line":86,"column":0},"end":{"line":86,"column":5}},"86":{"start":{"line":87,"column":0},"end":{"line":87,"column":4}},"88":{"start":{"line":89,"column":0},"end":{"line":89,"column":41}},"89":{"start":{"line":90,"column":0},"end":{"line":90,"column":36}},"90":{"start":{"line":91,"column":0},"end":{"line":91,"column":9}},"91":{"start":{"line":92,"column":0},"end":{"line":92,"column":55}},"92":{"start":{"line":93,"column":0},"end":{"line":93,"column":67}},"93":{"start":{"line":94,"column":0},"end":{"line":94,"column":47}},"94":{"start":{"line":95,"column":0},"end":{"line":95,"column":22}},"95":{"start":{"line":96,"column":0},"end":{"line":96,"column":71}},"96":{"start":{"line":97,"column":0},"end":{"line":97,"column":38}},"97":{"start":{"line":98,"column":0},"end":{"line":98,"column":19}},"98":{"start":{"line":99,"column":0},"end":{"line":99,"column":21}},"99":{"start":{"line":100,"column":0},"end":{"line":100,"column":31}},"100":{"start":{"line":101,"column":0},"end":{"line":101,"column":5}},"101":{"start":{"line":102,"column":0},"end":{"line":102,"column":4}},"103":{"start":{"line":104,"column":0},"end":{"line":104,"column":42}},"104":{"start":{"line":105,"column":0},"end":{"line":105,"column":36}},"105":{"start":{"line":106,"column":0},"end":{"line":106,"column":9}},"106":{"start":{"line":107,"column":0},"end":{"line":107,"column":56}},"107":{"start":{"line":108,"column":0},"end":{"line":108,"column":67}},"108":{"start":{"line":109,"column":0},"end":{"line":109,"column":47}},"109":{"start":{"line":110,"column":0},"end":{"line":110,"column":22}},"110":{"start":{"line":111,"column":0},"end":{"line":111,"column":72}},"111":{"start":{"line":112,"column":0},"end":{"line":112,"column":38}},"112":{"start":{"line":113,"column":0},"end":{"line":113,"column":19}},"113":{"start":{"line":114,"column":0},"end":{"line":114,"column":21}},"114":{"start":{"line":115,"column":0},"end":{"line":115,"column":32}},"115":{"start":{"line":116,"column":0},"end":{"line":116,"column":5}},"116":{"start":{"line":117,"column":0},"end":{"line":117,"column":4}},"118":{"start":{"line":119,"column":0},"end":{"line":119,"column":21}},"119":{"start":{"line":120,"column":0},"end":{"line":120,"column":22}},"120":{"start":{"line":121,"column":0},"end":{"line":121,"column":38}},"121":{"start":{"line":122,"column":0},"end":{"line":122,"column":24}},"122":{"start":{"line":123,"column":0},"end":{"line":123,"column":23}},"123":{"start":{"line":124,"column":0},"end":{"line":124,"column":16}},"124":{"start":{"line":125,"column":0},"end":{"line":125,"column":12}},"125":{"start":{"line":126,"column":0},"end":{"line":126,"column":20}},"126":{"start":{"line":127,"column":0},"end":{"line":127,"column":21}},"127":{"start":{"line":128,"column":0},"end":{"line":128,"column":70}},"128":{"start":{"line":129,"column":0},"end":{"line":129,"column":14}},"129":{"start":{"line":130,"column":0},"end":{"line":130,"column":21}},"130":{"start":{"line":131,"column":0},"end":{"line":131,"column":28}},"131":{"start":{"line":132,"column":0},"end":{"line":132,"column":8}},"132":{"start":{"line":133,"column":0},"end":{"line":133,"column":6}},"133":{"start":{"line":134,"column":0},"end":{"line":134,"column":47}},"134":{"start":{"line":135,"column":0},"end":{"line":135,"column":4}},"136":{"start":{"line":137,"column":0},"end":{"line":137,"column":10}},"137":{"start":{"line":138,"column":0},"end":{"line":138,"column":9}},"138":{"start":{"line":139,"column":0},"end":{"line":139,"column":66}},"140":{"start":{"line":141,"column":0},"end":{"line":141,"column":23}},"141":{"start":{"line":142,"column":0},"end":{"line":142,"column":22}},"142":{"start":{"line":143,"column":0},"end":{"line":143,"column":46}},"143":{"start":{"line":144,"column":0},"end":{"line":144,"column":89}},"144":{"start":{"line":145,"column":0},"end":{"line":145,"column":26}},"145":{"start":{"line":146,"column":0},"end":{"line":146,"column":64}},"146":{"start":{"line":147,"column":0},"end":{"line":147,"column":44}},"147":{"start":{"line":148,"column":0},"end":{"line":148,"column":71}},"148":{"start":{"line":149,"column":0},"end":{"line":149,"column":15}},"149":{"start":{"line":150,"column":0},"end":{"line":150,"column":84}},"150":{"start":{"line":151,"column":0},"end":{"line":151,"column":44}},"151":{"start":{"line":152,"column":0},"end":{"line":152,"column":87}},"152":{"start":{"line":153,"column":0},"end":{"line":153,"column":25}},"153":{"start":{"line":154,"column":0},"end":{"line":154,"column":26}},"155":{"start":{"line":156,"column":0},"end":{"line":156,"column":79}},"156":{"start":{"line":157,"column":0},"end":{"line":157,"column":24}},"157":{"start":{"line":158,"column":0},"end":{"line":158,"column":56}},"158":{"start":{"line":159,"column":0},"end":{"line":159,"column":50}},"159":{"start":{"line":160,"column":0},"end":{"line":160,"column":50}},"160":{"start":{"line":161,"column":0},"end":{"line":161,"column":25}},"161":{"start":{"line":162,"column":0},"end":{"line":162,"column":26}},"163":{"start":{"line":164,"column":0},"end":{"line":164,"column":56}},"164":{"start":{"line":165,"column":0},"end":{"line":165,"column":92}},"165":{"start":{"line":166,"column":0},"end":{"line":166,"column":65}},"166":{"start":{"line":167,"column":0},"end":{"line":167,"column":26}},"167":{"start":{"line":168,"column":0},"end":{"line":168,"column":53}},"168":{"start":{"line":169,"column":0},"end":{"line":169,"column":65}},"169":{"start":{"line":170,"column":0},"end":{"line":170,"column":26}},"170":{"start":{"line":171,"column":0},"end":{"line":171,"column":63}},"171":{"start":{"line":172,"column":0},"end":{"line":172,"column":65}},"172":{"start":{"line":173,"column":0},"end":{"line":173,"column":26}},"173":{"start":{"line":174,"column":0},"end":{"line":174,"column":65}},"174":{"start":{"line":175,"column":0},"end":{"line":175,"column":65}},"175":{"start":{"line":176,"column":0},"end":{"line":176,"column":26}},"177":{"start":{"line":178,"column":0},"end":{"line":178,"column":56}},"178":{"start":{"line":179,"column":0},"end":{"line":179,"column":60}},"179":{"start":{"line":180,"column":0},"end":{"line":180,"column":65}},"180":{"start":{"line":181,"column":0},"end":{"line":181,"column":26}},"181":{"start":{"line":182,"column":0},"end":{"line":182,"column":55}},"182":{"start":{"line":183,"column":0},"end":{"line":183,"column":65}},"183":{"start":{"line":184,"column":0},"end":{"line":184,"column":26}},"185":{"start":{"line":186,"column":0},"end":{"line":186,"column":56}},"186":{"start":{"line":187,"column":0},"end":{"line":187,"column":67}},"187":{"start":{"line":188,"column":0},"end":{"line":188,"column":65}},"188":{"start":{"line":189,"column":0},"end":{"line":189,"column":26}},"189":{"start":{"line":190,"column":0},"end":{"line":190,"column":62}},"190":{"start":{"line":191,"column":0},"end":{"line":191,"column":65}},"191":{"start":{"line":192,"column":0},"end":{"line":192,"column":26}},"192":{"start":{"line":193,"column":0},"end":{"line":193,"column":59}},"193":{"start":{"line":194,"column":0},"end":{"line":194,"column":65}},"194":{"start":{"line":195,"column":0},"end":{"line":195,"column":26}},"196":{"start":{"line":197,"column":0},"end":{"line":197,"column":59}},"197":{"start":{"line":198,"column":0},"end":{"line":198,"column":45}},"198":{"start":{"line":199,"column":0},"end":{"line":199,"column":47}},"199":{"start":{"line":200,"column":0},"end":{"line":200,"column":20}},"200":{"start":{"line":201,"column":0},"end":{"line":201,"column":66}},"201":{"start":{"line":202,"column":0},"end":{"line":202,"column":101}},"202":{"start":{"line":203,"column":0},"end":{"line":203,"column":34}},"203":{"start":{"line":204,"column":0},"end":{"line":204,"column":40}},"204":{"start":{"line":205,"column":0},"end":{"line":205,"column":47}},"205":{"start":{"line":206,"column":0},"end":{"line":206,"column":79}},"207":{"start":{"line":208,"column":0},"end":{"line":208,"column":76}},"208":{"start":{"line":209,"column":0},"end":{"line":209,"column":62}},"209":{"start":{"line":210,"column":0},"end":{"line":210,"column":62}},"210":{"start":{"line":211,"column":0},"end":{"line":211,"column":62}},"211":{"start":{"line":212,"column":0},"end":{"line":212,"column":58}},"212":{"start":{"line":213,"column":0},"end":{"line":213,"column":35}},"213":{"start":{"line":214,"column":0},"end":{"line":214,"column":36}},"214":{"start":{"line":215,"column":0},"end":{"line":215,"column":34}},"215":{"start":{"line":216,"column":0},"end":{"line":216,"column":40}},"216":{"start":{"line":217,"column":0},"end":{"line":217,"column":48}},"217":{"start":{"line":218,"column":0},"end":{"line":218,"column":79}},"219":{"start":{"line":220,"column":0},"end":{"line":220,"column":66}},"220":{"start":{"line":221,"column":0},"end":{"line":221,"column":36}},"221":{"start":{"line":222,"column":0},"end":{"line":222,"column":76}},"222":{"start":{"line":223,"column":0},"end":{"line":223,"column":30}},"223":{"start":{"line":224,"column":0},"end":{"line":224,"column":23}},"224":{"start":{"line":225,"column":0},"end":{"line":225,"column":31}},"225":{"start":{"line":226,"column":0},"end":{"line":226,"column":96}},"227":{"start":{"line":228,"column":0},"end":{"line":228,"column":31}},"228":{"start":{"line":229,"column":0},"end":{"line":229,"column":32}},"229":{"start":{"line":230,"column":0},"end":{"line":230,"column":21}},"231":{"start":{"line":232,"column":0},"end":{"line":232,"column":26}},"233":{"start":{"line":234,"column":0},"end":{"line":234,"column":25}},"234":{"start":{"line":235,"column":0},"end":{"line":235,"column":81}},"236":{"start":{"line":237,"column":0},"end":{"line":237,"column":25}},"237":{"start":{"line":238,"column":0},"end":{"line":238,"column":26}},"238":{"start":{"line":239,"column":0},"end":{"line":239,"column":19}},"239":{"start":{"line":240,"column":0},"end":{"line":240,"column":17}},"240":{"start":{"line":241,"column":0},"end":{"line":241,"column":14}},"242":{"start":{"line":243,"column":0},"end":{"line":243,"column":23}},"243":{"start":{"line":244,"column":0},"end":{"line":244,"column":23}},"244":{"start":{"line":245,"column":0},"end":{"line":245,"column":54}},"245":{"start":{"line":246,"column":0},"end":{"line":246,"column":69}},"246":{"start":{"line":247,"column":0},"end":{"line":247,"column":18}},"249":{"start":{"line":250,"column":0},"end":{"line":250,"column":34}},"250":{"start":{"line":251,"column":0},"end":{"line":251,"column":79}},"251":{"start":{"line":252,"column":0},"end":{"line":252,"column":20}},"252":{"start":{"line":253,"column":0},"end":{"line":253,"column":31}},"253":{"start":{"line":254,"column":0},"end":{"line":254,"column":23}},"254":{"start":{"line":255,"column":0},"end":{"line":255,"column":25}},"255":{"start":{"line":256,"column":0},"end":{"line":256,"column":99}},"256":{"start":{"line":257,"column":0},"end":{"line":257,"column":101}},"257":{"start":{"line":258,"column":0},"end":{"line":258,"column":48}},"258":{"start":{"line":259,"column":0},"end":{"line":259,"column":26}},"261":{"start":{"line":262,"column":0},"end":{"line":262,"column":50}},"262":{"start":{"line":263,"column":0},"end":{"line":263,"column":98}},"263":{"start":{"line":264,"column":0},"end":{"line":264,"column":96}},"264":{"start":{"line":265,"column":0},"end":{"line":265,"column":149}},"265":{"start":{"line":266,"column":0},"end":{"line":266,"column":31}},"266":{"start":{"line":267,"column":0},"end":{"line":267,"column":21}},"268":{"start":{"line":269,"column":0},"end":{"line":269,"column":54}},"269":{"start":{"line":270,"column":0},"end":{"line":270,"column":37}},"270":{"start":{"line":271,"column":0},"end":{"line":271,"column":47}},"271":{"start":{"line":272,"column":0},"end":{"line":272,"column":42}},"272":{"start":{"line":273,"column":0},"end":{"line":273,"column":24}},"273":{"start":{"line":274,"column":0},"end":{"line":274,"column":23}},"275":{"start":{"line":276,"column":0},"end":{"line":276,"column":84}},"276":{"start":{"line":277,"column":0},"end":{"line":277,"column":45}},"277":{"start":{"line":278,"column":0},"end":{"line":278,"column":25}},"278":{"start":{"line":279,"column":0},"end":{"line":279,"column":88}},"279":{"start":{"line":280,"column":0},"end":{"line":280,"column":85}},"280":{"start":{"line":281,"column":0},"end":{"line":281,"column":40}},"281":{"start":{"line":282,"column":0},"end":{"line":282,"column":34}},"282":{"start":{"line":283,"column":0},"end":{"line":283,"column":26}},"283":{"start":{"line":284,"column":0},"end":{"line":284,"column":25}},"284":{"start":{"line":285,"column":0},"end":{"line":285,"column":92}},"285":{"start":{"line":286,"column":0},"end":{"line":286,"column":85}},"286":{"start":{"line":287,"column":0},"end":{"line":287,"column":41}},"287":{"start":{"line":288,"column":0},"end":{"line":288,"column":34}},"288":{"start":{"line":289,"column":0},"end":{"line":289,"column":26}},"289":{"start":{"line":290,"column":0},"end":{"line":290,"column":25}},"290":{"start":{"line":291,"column":0},"end":{"line":291,"column":94}},"291":{"start":{"line":292,"column":0},"end":{"line":292,"column":85}},"292":{"start":{"line":293,"column":0},"end":{"line":293,"column":44}},"293":{"start":{"line":294,"column":0},"end":{"line":294,"column":34}},"294":{"start":{"line":295,"column":0},"end":{"line":295,"column":26}},"295":{"start":{"line":296,"column":0},"end":{"line":296,"column":24}},"296":{"start":{"line":297,"column":0},"end":{"line":297,"column":23}},"297":{"start":{"line":298,"column":0},"end":{"line":298,"column":20}},"298":{"start":{"line":299,"column":0},"end":{"line":299,"column":20}},"301":{"start":{"line":302,"column":0},"end":{"line":302,"column":35}},"302":{"start":{"line":303,"column":0},"end":{"line":303,"column":18}},"303":{"start":{"line":304,"column":0},"end":{"line":304,"column":21}},"304":{"start":{"line":305,"column":0},"end":{"line":305,"column":34}},"305":{"start":{"line":306,"column":0},"end":{"line":306,"column":64}},"307":{"start":{"line":308,"column":0},"end":{"line":308,"column":19}},"309":{"start":{"line":310,"column":0},"end":{"line":310,"column":14}},"310":{"start":{"line":311,"column":0},"end":{"line":311,"column":12}},"311":{"start":{"line":312,"column":0},"end":{"line":312,"column":10}},"313":{"start":{"line":314,"column":0},"end":{"line":314,"column":2}},"315":{"start":{"line":316,"column":0},"end":{"line":316,"column":24}}},"s":{"0":1,"1":1,"2":1,"3":1,"4":1,"5":1,"7":1,"8":1,"10":1,"11":2,"12":2,"13":2,"14":2,"15":2,"16":2,"18":2,"19":1,"20":2,"22":2,"23":1,"24":1,"25":0,"26":0,"27":0,"28":0,"29":0,"30":0,"31":0,"32":0,"33":0,"36":0,"37":0,"38":0,"39":0,"40":0,"41":0,"42":0,"43":0,"44":0,"45":0,"47":0,"48":0,"49":0,"50":0,"51":0,"52":0,"53":0,"54":0,"55":0,"56":0,"57":1,"58":2,"60":2,"61":0,"62":0,"63":0,"64":0,"65":0,"66":0,"67":0,"68":0,"69":0,"70":0,"71":0,"72":0,"73":0,"74":0,"75":0,"76":0,"77":0,"78":0,"79":0,"80":0,"81":0,"82":0,"83":0,"84":0,"85":0,"86":0,"88":2,"89":0,"90":0,"91":0,"92":0,"93":0,"94":0,"95":0,"96":0,"97":0,"98":0,"99":0,"100":0,"101":0,"103":2,"104":0,"105":0,"106":0,"107":0,"108":0,"109":0,"110":0,"111":0,"112":0,"113":0,"114":0,"115":0,"116":0,"118":2,"119":2,"120":2,"121":2,"122":2,"123":2,"124":2,"125":2,"126":2,"127":2,"128":2,"129":2,"130":2,"131":2,"132":2,"133":2,"134":2,"136":2,"137":2,"138":2,"140":2,"141":2,"142":2,"143":2,"144":2,"145":2,"146":2,"147":2,"148":2,"149":2,"150":2,"151":2,"152":2,"153":2,"155":2,"156":2,"157":2,"158":2,"159":2,"160":2,"161":2,"163":2,"164":2,"165":2,"166":2,"167":2,"168":2,"169":2,"170":2,"171":2,"172":2,"173":2,"174":2,"175":2,"177":2,"178":2,"179":2,"180":2,"181":2,"182":2,"183":2,"185":2,"186":2,"187":2,"188":2,"189":2,"190":2,"191":2,"192":2,"193":2,"194":2,"196":2,"197":2,"198":2,"199":2,"200":2,"201":0,"202":0,"203":0,"204":0,"205":0,"207":0,"208":0,"209":0,"210":0,"211":0,"212":0,"213":0,"214":0,"215":0,"216":0,"217":0,"219":0,"220":0,"221":0,"222":0,"223":2,"224":2,"225":2,"227":2,"228":2,"229":2,"231":2,"233":2,"234":2,"236":2,"237":2,"238":2,"239":2,"240":2,"242":2,"243":2,"244":0,"245":0,"246":0,"249":2,"250":0,"251":0,"252":0,"253":0,"254":0,"255":0,"256":0,"257":0,"258":0,"261":0,"262":0,"263":0,"264":0,"265":0,"266":0,"268":0,"269":0,"270":0,"271":0,"272":0,"273":0,"275":0,"276":0,"277":0,"278":0,"279":0,"280":0,"281":0,"282":0,"283":0,"284":0,"285":0,"286":0,"287":0,"288":0,"289":0,"290":0,"291":0,"292":0,"293":0,"294":0,"295":0,"296":0,"297":0,"298":0,"301":2,"302":2,"303":2,"304":2,"305":2,"307":2,"309":2,"310":2,"311":2,"313":2,"315":1},"branchMap":{"0":{"type":"branch","line":11,"loc":{"start":{"line":11,"column":27},"end":{"line":314,"column":2}},"locations":[{"start":{"line":11,"column":27},"end":{"line":314,"column":2}}]},"1":{"type":"branch","line":121,"loc":{"start":{"line":121,"column":10},"end":{"line":121,"column":35}},"locations":[{"start":{"line":121,"column":10},"end":{"line":121,"column":35}}]},"2":{"type":"branch","line":244,"loc":{"start":{"line":244,"column":11},"end":{"line":247,"column":18}},"locations":[{"start":{"line":244,"column":11},"end":{"line":247,"column":18}}]},"3":{"type":"branch","line":250,"loc":{"start":{"line":250,"column":23},"end":{"line":299,"column":20}},"locations":[{"start":{"line":250,"column":23},"end":{"line":299,"column":20}}]},"4":{"type":"branch","line":19,"loc":{"start":{"line":19,"column":12},"end":{"line":21,"column":5}},"locations":[{"start":{"line":19,"column":12},"end":{"line":21,"column":5}}]},"5":{"type":"branch","line":23,"loc":{"start":{"line":23,"column":12},"end":{"line":59,"column":5}},"locations":[{"start":{"line":23,"column":12},"end":{"line":59,"column":5}}]},"6":{"type":"branch","line":25,"loc":{"start":{"line":25,"column":24},"end":{"line":57,"column":5}},"locations":[{"start":{"line":25,"column":24},"end":{"line":57,"column":5}}]},"7":{"type":"branch","line":58,"loc":{"start":{"line":58,"column":11},"end":{"line":58,"column":41}},"locations":[{"start":{"line":58,"column":11},"end":{"line":58,"column":41}}]},"8":{"type":"branch","line":152,"loc":{"start":{"line":152,"column":29},"end":{"line":152,"column":85}},"locations":[{"start":{"line":152,"column":29},"end":{"line":152,"column":85}}]},"9":{"type":"branch","line":199,"loc":{"start":{"line":199,"column":17},"end":{"line":230,"column":21}},"locations":[{"start":{"line":199,"column":17},"end":{"line":230,"column":21}}]}},"b":{"0":[2],"1":[0],"2":[0],"3":[0],"4":[1],"5":[1],"6":[0],"7":[1],"8":[1],"9":[2]},"fnMap":{"0":{"name":"Analysis","decl":{"start":{"line":11,"column":27},"end":{"line":314,"column":2}},"loc":{"start":{"line":11,"column":27},"end":{"line":314,"column":2}},"line":11},"1":{"name":"handleAnalyze","decl":{"start":{"line":61,"column":24},"end":{"line":87,"column":4}},"loc":{"start":{"line":61,"column":24},"end":{"line":87,"column":4}},"line":61},"2":{"name":"handleDownloadPdf","decl":{"start":{"line":89,"column":28},"end":{"line":102,"column":4}},"loc":{"start":{"line":89,"column":28},"end":{"line":102,"column":4}},"line":89},"3":{"name":"handleDownloadDocx","decl":{"start":{"line":104,"column":29},"end":{"line":117,"column":4}},"loc":{"start":{"line":104,"column":29},"end":{"line":117,"column":4}},"line":104},"4":{"name":"content","decl":{"start":{"line":128,"column":15},"end":{"line":128,"column":70}},"loc":{"start":{"line":128,"column":15},"end":{"line":128,"column":70}},"line":128},"5":{"name":"children","decl":{"start":{"line":199,"column":17},"end":{"line":230,"column":21}},"loc":{"start":{"line":199,"column":17},"end":{"line":230,"column":21}},"line":199},"6":{"name":"onClick","decl":{"start":{"line":226,"column":53},"end":{"line":226,"column":66}},"loc":{"start":{"line":226,"column":53},"end":{"line":226,"column":66}},"line":226}},"f":{"0":2,"1":0,"2":0,"3":0,"4":0,"5":2,"6":0}}
,"E:\\aproj\\cxy\\frontend\\src\\pages\\Dashboard.tsx": {"path":"E:\\aproj\\cxy\\frontend\\src\\pages\\Dashboard.tsx","all":false,"statementMap":{"0":{"start":{"line":1,"column":0},"end":{"line":1,"column":26}},"1":{"start":{"line":2,"column":0},"end":{"line":2,"column":49}},"2":{"start":{"line":3,"column":0},"end":{"line":3,"column":47}},"3":{"start":{"line":4,"column":0},"end":{"line":4,"column":44}},"5":{"start":{"line":6,"column":0},"end":{"line":6,"column":35}},"6":{"start":{"line":7,"column":0},"end":{"line":7,"column":33}},"8":{"start":{"line":9,"column":0},"end":{"line":9,"column":16}},"9":{"start":{"line":10,"column":0},"end":{"line":10,"column":31}},"10":{"start":{"line":11,"column":0},"end":{"line":11,"column":31}},"11":{"start":{"line":12,"column":0},"end":{"line":12,"column":31}},"12":{"start":{"line":13,"column":0},"end":{"line":13,"column":32}},"13":{"start":{"line":14,"column":0},"end":{"line":14,"column":30}},"16":{"start":{"line":17,"column":0},"end":{"line":17,"column":18}},"17":{"start":{"line":18,"column":0},"end":{"line":18,"column":9}},"18":{"start":{"line":19,"column":0},"end":{"line":19,"column":19}},"19":{"start":{"line":20,"column":0},"end":{"line":20,"column":20}},"20":{"start":{"line":21,"column":0},"end":{"line":21,"column":12}},"21":{"start":{"line":22,"column":0},"end":{"line":22,"column":34}},"22":{"start":{"line":23,"column":0},"end":{"line":23,"column":14}},"23":{"start":{"line":24,"column":0},"end":{"line":24,"column":24}},"24":{"start":{"line":25,"column":0},"end":{"line":25,"column":21}},"25":{"start":{"line":26,"column":0},"end":{"line":26,"column":8}},"26":{"start":{"line":27,"column":0},"end":{"line":27,"column":6}},"27":{"start":{"line":28,"column":0},"end":{"line":28,"column":12}},"28":{"start":{"line":29,"column":0},"end":{"line":29,"column":14}},"29":{"start":{"line":30,"column":0},"end":{"line":30,"column":23}},"30":{"start":{"line":31,"column":0},"end":{"line":31,"column":26}},"31":{"start":{"line":32,"column":0},"end":{"line":32,"column":8}},"32":{"start":{"line":33,"column":0},"end":{"line":33,"column":6}},"33":{"start":{"line":34,"column":0},"end":{"line":34,"column":11}},"34":{"start":{"line":35,"column":0},"end":{"line":35,"column":13}},"35":{"start":{"line":36,"column":0},"end":{"line":36,"column":20}},"36":{"start":{"line":37,"column":0},"end":{"line":37,"column":8}},"37":{"start":{"line":38,"column":0},"end":{"line":38,"column":14}},"38":{"start":{"line":39,"column":0},"end":{"line":39,"column":21}},"39":{"start":{"line":40,"column":0},"end":{"line":40,"column":8}},"40":{"start":{"line":41,"column":0},"end":{"line":41,"column":6}},"41":{"start":{"line":42,"column":0},"end":{"line":42,"column":4}},"43":{"start":{"line":44,"column":0},"end":{"line":44,"column":10}},"44":{"start":{"line":45,"column":0},"end":{"line":45,"column":9}},"45":{"start":{"line":46,"column":0},"end":{"line":46,"column":67}},"46":{"start":{"line":47,"column":0},"end":{"line":47,"column":40}},"47":{"start":{"line":48,"column":0},"end":{"line":48,"column":22}},"48":{"start":{"line":49,"column":0},"end":{"line":49,"column":16}},"49":{"start":{"line":50,"column":0},"end":{"line":50,"column":52}},"50":{"start":{"line":51,"column":0},"end":{"line":51,"column":17}},"51":{"start":{"line":52,"column":0},"end":{"line":52,"column":14}},"52":{"start":{"line":53,"column":0},"end":{"line":53,"column":22}},"53":{"start":{"line":54,"column":0},"end":{"line":54,"column":16}},"54":{"start":{"line":55,"column":0},"end":{"line":55,"column":49}},"55":{"start":{"line":56,"column":0},"end":{"line":56,"column":17}},"56":{"start":{"line":57,"column":0},"end":{"line":57,"column":14}},"57":{"start":{"line":58,"column":0},"end":{"line":58,"column":22}},"58":{"start":{"line":59,"column":0},"end":{"line":59,"column":16}},"59":{"start":{"line":60,"column":0},"end":{"line":60,"column":82}},"60":{"start":{"line":61,"column":0},"end":{"line":61,"column":17}},"61":{"start":{"line":62,"column":0},"end":{"line":62,"column":14}},"62":{"start":{"line":63,"column":0},"end":{"line":63,"column":22}},"63":{"start":{"line":64,"column":0},"end":{"line":64,"column":16}},"64":{"start":{"line":65,"column":0},"end":{"line":65,"column":83}},"65":{"start":{"line":66,"column":0},"end":{"line":66,"column":17}},"66":{"start":{"line":67,"column":0},"end":{"line":67,"column":14}},"67":{"start":{"line":68,"column":0},"end":{"line":68,"column":12}},"68":{"start":{"line":69,"column":0},"end":{"line":69,"column":28}},"69":{"start":{"line":70,"column":0},"end":{"line":70,"column":37}},"71":{"start":{"line":72,"column":0},"end":{"line":72,"column":32}},"72":{"start":{"line":73,"column":0},"end":{"line":73,"column":14}},"73":{"start":{"line":74,"column":0},"end":{"line":74,"column":13}},"74":{"start":{"line":75,"column":0},"end":{"line":75,"column":10}},"76":{"start":{"line":77,"column":0},"end":{"line":77,"column":2}},"78":{"start":{"line":79,"column":0},"end":{"line":79,"column":25}}},"s":{"0":1,"1":1,"2":1,"3":1,"5":1,"6":2,"8":2,"9":2,"10":2,"11":2,"12":2,"13":2,"16":2,"17":2,"18":2,"19":2,"20":2,"21":2,"22":2,"23":2,"24":2,"25":2,"26":2,"27":2,"28":2,"29":2,"30":2,"31":2,"32":2,"33":2,"34":2,"35":2,"36":2,"37":2,"38":2,"39":2,"40":2,"41":2,"43":2,"44":2,"45":2,"46":2,"47":2,"48":2,"49":2,"50":2,"51":2,"52":2,"53":2,"54":2,"55":2,"56":2,"57":2,"58":2,"59":2,"60":2,"61":2,"62":2,"63":2,"64":2,"65":2,"66":2,"67":2,"68":2,"69":2,"71":2,"72":2,"73":2,"74":2,"76":2,"78":1},"branchMap":{"0":{"type":"branch","line":6,"loc":{"start":{"line":6,"column":28},"end":{"line":77,"column":2}},"locations":[{"start":{"line":6,"column":28},"end":{"line":77,"column":2}}]}},"b":{"0":[2]},"fnMap":{"0":{"name":"Dashboard","decl":{"start":{"line":6,"column":28},"end":{"line":77,"column":2}},"loc":{"start":{"line":6,"column":28},"end":{"line":77,"column":2}},"line":6}},"f":{"0":2}}
,"E:\\aproj\\cxy\\frontend\\src\\pages\\DrugList.tsx": {"path":"E:\\aproj\\cxy\\frontend\\src\\pages\\DrugList.tsx","all":false,"statementMap":{"0":{"start":{"line":1,"column":0},"end":{"line":1,"column":51}},"1":{"start":{"line":2,"column":0},"end":{"line":2,"column":90}},"2":{"start":{"line":3,"column":0},"end":{"line":3,"column":47}},"3":{"start":{"line":4,"column":0},"end":{"line":4,"column":79}},"4":{"start":{"line":5,"column":0},"end":{"line":5,"column":79}},"6":{"start":{"line":7,"column":0},"end":{"line":7,"column":34}},"7":{"start":{"line":8,"column":0},"end":{"line":8,"column":33}},"8":{"start":{"line":9,"column":0},"end":{"line":9,"column":56}},"9":{"start":{"line":10,"column":0},"end":{"line":10,"column":48}},"10":{"start":{"line":11,"column":0},"end":{"line":11,"column":48}},"11":{"start":{"line":12,"column":0},"end":{"line":12,"column":66}},"12":{"start":{"line":13,"column":0},"end":{"line":13,"column":32}},"14":{"start":{"line":15,"column":0},"end":{"line":15,"column":34}},"15":{"start":{"line":16,"column":0},"end":{"line":16,"column":21}},"16":{"start":{"line":17,"column":0},"end":{"line":17,"column":9}},"17":{"start":{"line":18,"column":0},"end":{"line":18,"column":36}},"18":{"start":{"line":19,"column":0},"end":{"line":19,"column":60}},"19":{"start":{"line":20,"column":0},"end":{"line":20,"column":21}},"20":{"start":{"line":21,"column":0},"end":{"line":21,"column":32}},"21":{"start":{"line":22,"column":0},"end":{"line":22,"column":15}},"22":{"start":{"line":23,"column":0},"end":{"line":23,"column":24}},"23":{"start":{"line":24,"column":0},"end":{"line":24,"column":5}},"24":{"start":{"line":25,"column":0},"end":{"line":25,"column":4}},"26":{"start":{"line":27,"column":0},"end":{"line":27,"column":19}},"27":{"start":{"line":28,"column":0},"end":{"line":28,"column":17}},"28":{"start":{"line":29,"column":0},"end":{"line":29,"column":9}},"30":{"start":{"line":31,"column":0},"end":{"line":31,"column":19}},"31":{"start":{"line":32,"column":0},"end":{"line":32,"column":5}},"32":{"start":{"line":33,"column":0},"end":{"line":33,"column":20}},"33":{"start":{"line":34,"column":0},"end":{"line":34,"column":24}},"34":{"start":{"line":35,"column":0},"end":{"line":35,"column":18}},"35":{"start":{"line":36,"column":0},"end":{"line":36,"column":6}},"36":{"start":{"line":37,"column":0},"end":{"line":37,"column":5}},"37":{"start":{"line":38,"column":0},"end":{"line":38,"column":18}},"38":{"start":{"line":39,"column":0},"end":{"line":39,"column":34}},"39":{"start":{"line":40,"column":0},"end":{"line":40,"column":28}},"40":{"start":{"line":41,"column":0},"end":{"line":41,"column":6}},"41":{"start":{"line":42,"column":0},"end":{"line":42,"column":5}},"42":{"start":{"line":43,"column":0},"end":{"line":43,"column":19}},"43":{"start":{"line":44,"column":0},"end":{"line":44,"column":31}},"44":{"start":{"line":45,"column":0},"end":{"line":45,"column":25}},"45":{"start":{"line":46,"column":0},"end":{"line":46,"column":6}},"46":{"start":{"line":47,"column":0},"end":{"line":47,"column":5}},"47":{"start":{"line":48,"column":0},"end":{"line":48,"column":20}},"48":{"start":{"line":49,"column":0},"end":{"line":49,"column":38}},"49":{"start":{"line":50,"column":0},"end":{"line":50,"column":32}},"50":{"start":{"line":51,"column":0},"end":{"line":51,"column":6}},"51":{"start":{"line":52,"column":0},"end":{"line":52,"column":5}},"52":{"start":{"line":53,"column":0},"end":{"line":53,"column":18}},"53":{"start":{"line":54,"column":0},"end":{"line":54,"column":20}},"54":{"start":{"line":55,"column":0},"end":{"line":55,"column":40}},"55":{"start":{"line":56,"column":0},"end":{"line":56,"column":29}},"56":{"start":{"line":57,"column":0},"end":{"line":57,"column":100}},"57":{"start":{"line":58,"column":0},"end":{"line":58,"column":79}},"58":{"start":{"line":59,"column":0},"end":{"line":59,"column":76}},"59":{"start":{"line":60,"column":0},"end":{"line":60,"column":23}},"60":{"start":{"line":61,"column":0},"end":{"line":61,"column":16}},"62":{"start":{"line":63,"column":0},"end":{"line":63,"column":6}},"65":{"start":{"line":66,"column":0},"end":{"line":66,"column":39}},"66":{"start":{"line":67,"column":0},"end":{"line":67,"column":28}},"67":{"start":{"line":68,"column":0},"end":{"line":68,"column":32}},"68":{"start":{"line":69,"column":0},"end":{"line":69,"column":25}},"69":{"start":{"line":70,"column":0},"end":{"line":70,"column":4}},"71":{"start":{"line":72,"column":0},"end":{"line":72,"column":46}},"72":{"start":{"line":73,"column":0},"end":{"line":73,"column":9}},"73":{"start":{"line":74,"column":0},"end":{"line":74,"column":27}},"74":{"start":{"line":75,"column":0},"end":{"line":75,"column":30}},"75":{"start":{"line":76,"column":0},"end":{"line":76,"column":19}},"76":{"start":{"line":77,"column":0},"end":{"line":77,"column":21}},"77":{"start":{"line":78,"column":0},"end":{"line":78,"column":28}},"78":{"start":{"line":79,"column":0},"end":{"line":79,"column":5}},"79":{"start":{"line":80,"column":0},"end":{"line":80,"column":4}},"81":{"start":{"line":82,"column":0},"end":{"line":82,"column":27}},"82":{"start":{"line":83,"column":0},"end":{"line":83,"column":50}},"83":{"start":{"line":84,"column":0},"end":{"line":84,"column":11}},"84":{"start":{"line":85,"column":0},"end":{"line":85,"column":24}},"85":{"start":{"line":86,"column":0},"end":{"line":86,"column":46}},"86":{"start":{"line":87,"column":0},"end":{"line":87,"column":34}},"87":{"start":{"line":88,"column":0},"end":{"line":88,"column":16}},"88":{"start":{"line":89,"column":0},"end":{"line":89,"column":35}},"89":{"start":{"line":90,"column":0},"end":{"line":90,"column":34}},"90":{"start":{"line":91,"column":0},"end":{"line":91,"column":9}},"91":{"start":{"line":92,"column":0},"end":{"line":92,"column":30}},"92":{"start":{"line":93,"column":0},"end":{"line":93,"column":27}},"93":{"start":{"line":94,"column":0},"end":{"line":94,"column":27}},"94":{"start":{"line":95,"column":0},"end":{"line":95,"column":21}},"95":{"start":{"line":96,"column":0},"end":{"line":96,"column":23}},"96":{"start":{"line":97,"column":0},"end":{"line":97,"column":30}},"97":{"start":{"line":98,"column":0},"end":{"line":98,"column":7}},"98":{"start":{"line":99,"column":0},"end":{"line":99,"column":7}},"99":{"start":{"line":100,"column":0},"end":{"line":100,"column":4}},"101":{"start":{"line":102,"column":0},"end":{"line":102,"column":10}},"102":{"start":{"line":103,"column":0},"end":{"line":103,"column":9}},"103":{"start":{"line":104,"column":0},"end":{"line":104,"column":62}},"104":{"start":{"line":105,"column":0},"end":{"line":105,"column":60}},"105":{"start":{"line":106,"column":0},"end":{"line":106,"column":15}},"106":{"start":{"line":107,"column":0},"end":{"line":107,"column":56}},"107":{"start":{"line":108,"column":0},"end":{"line":108,"column":73}},"108":{"start":{"line":109,"column":0},"end":{"line":109,"column":31}},"109":{"start":{"line":110,"column":0},"end":{"line":110,"column":31}},"110":{"start":{"line":111,"column":0},"end":{"line":111,"column":33}},"111":{"start":{"line":112,"column":0},"end":{"line":112,"column":13}},"113":{"start":{"line":114,"column":0},"end":{"line":114,"column":19}},"114":{"start":{"line":115,"column":0},"end":{"line":115,"column":16}},"115":{"start":{"line":116,"column":0},"end":{"line":116,"column":12}},"117":{"start":{"line":118,"column":0},"end":{"line":118,"column":70}},"119":{"start":{"line":120,"column":0},"end":{"line":120,"column":12}},"120":{"start":{"line":121,"column":0},"end":{"line":121,"column":43}},"121":{"start":{"line":122,"column":0},"end":{"line":122,"column":26}},"122":{"start":{"line":123,"column":0},"end":{"line":123,"column":24}},"123":{"start":{"line":124,"column":0},"end":{"line":124,"column":25}},"124":{"start":{"line":125,"column":0},"end":{"line":125,"column":32}},"125":{"start":{"line":126,"column":0},"end":{"line":126,"column":29}},"126":{"start":{"line":127,"column":0},"end":{"line":127,"column":10}},"128":{"start":{"line":129,"column":0},"end":{"line":129,"column":44}},"129":{"start":{"line":130,"column":0},"end":{"line":130,"column":75}},"130":{"start":{"line":131,"column":0},"end":{"line":131,"column":21}},"131":{"start":{"line":132,"column":0},"end":{"line":132,"column":22}},"132":{"start":{"line":133,"column":0},"end":{"line":133,"column":54}},"133":{"start":{"line":134,"column":0},"end":{"line":134,"column":21}},"134":{"start":{"line":135,"column":0},"end":{"line":135,"column":22}},"135":{"start":{"line":136,"column":0},"end":{"line":136,"column":52}},"136":{"start":{"line":137,"column":0},"end":{"line":137,"column":21}},"137":{"start":{"line":138,"column":0},"end":{"line":138,"column":22}},"138":{"start":{"line":139,"column":0},"end":{"line":139,"column":60}},"139":{"start":{"line":140,"column":0},"end":{"line":140,"column":21}},"140":{"start":{"line":141,"column":0},"end":{"line":141,"column":22}},"141":{"start":{"line":142,"column":0},"end":{"line":142,"column":15}},"142":{"start":{"line":143,"column":0},"end":{"line":143,"column":14}},"143":{"start":{"line":144,"column":0},"end":{"line":144,"column":10}},"145":{"start":{"line":146,"column":0},"end":{"line":146,"column":2}},"147":{"start":{"line":148,"column":0},"end":{"line":148,"column":24}}},"s":{"0":1,"1":1,"2":1,"3":1,"4":1,"6":1,"7":8,"8":8,"9":8,"10":8,"11":8,"12":8,"14":8,"15":2,"16":2,"17":2,"18":2,"19":2,"20":0,"21":2,"22":2,"23":2,"24":2,"26":8,"27":1,"28":8,"30":8,"31":8,"32":8,"33":8,"34":8,"35":8,"36":8,"37":8,"38":8,"39":8,"40":8,"41":8,"42":8,"43":8,"44":8,"45":8,"46":8,"47":8,"48":8,"49":8,"50":8,"51":8,"52":8,"53":8,"54":8,"55":6,"56":6,"57":6,"58":6,"59":6,"60":6,"62":8,"65":8,"66":1,"67":1,"68":1,"69":1,"71":8,"72":1,"73":1,"74":1,"75":1,"76":1,"77":0,"78":0,"79":1,"81":8,"82":0,"83":0,"84":0,"85":0,"86":0,"87":0,"88":0,"89":0,"90":0,"91":0,"92":0,"93":0,"94":0,"95":0,"96":0,"97":0,"98":0,"99":0,"101":8,"102":8,"103":8,"104":8,"105":8,"106":8,"107":8,"108":1,"109":1,"110":1,"111":8,"113":8,"114":8,"115":8,"117":8,"119":8,"120":8,"121":8,"122":8,"123":8,"124":1,"125":1,"126":1,"128":8,"129":8,"130":8,"131":8,"132":8,"133":8,"134":8,"135":8,"136":8,"137":8,"138":8,"139":8,"140":8,"141":8,"142":8,"143":8,"145":8,"147":1},"branchMap":{"0":{"type":"branch","line":7,"loc":{"start":{"line":7,"column":27},"end":{"line":146,"column":2}},"locations":[{"start":{"line":7,"column":27},"end":{"line":146,"column":2}}]},"1":{"type":"branch","line":121,"loc":{"start":{"line":121,"column":15},"end":{"line":121,"column":36}},"locations":[{"start":{"line":121,"column":15},"end":{"line":121,"column":36}}]},"2":{"type":"branch","line":121,"loc":{"start":{"line":121,"column":27},"end":{"line":121,"column":43}},"locations":[{"start":{"line":121,"column":27},"end":{"line":121,"column":43}}]},"3":{"type":"branch","line":15,"loc":{"start":{"line":15,"column":21},"end":{"line":25,"column":4}},"locations":[{"start":{"line":15,"column":21},"end":{"line":25,"column":4}}]},"4":{"type":"branch","line":20,"loc":{"start":{"line":20,"column":4},"end":{"line":22,"column":5}},"locations":[{"start":{"line":20,"column":4},"end":{"line":22,"column":5}}]},"5":{"type":"branch","line":19,"loc":{"start":{"line":19,"column":24},"end":{"line":19,"column":57}},"locations":[{"start":{"line":19,"column":24},"end":{"line":19,"column":57}}]},"6":{"type":"branch","line":27,"loc":{"start":{"line":27,"column":12},"end":{"line":29,"column":5}},"locations":[{"start":{"line":27,"column":12},"end":{"line":29,"column":5}}]},"7":{"type":"branch","line":55,"loc":{"start":{"line":55,"column":14},"end":{"line":61,"column":16}},"locations":[{"start":{"line":55,"column":14},"end":{"line":61,"column":16}}]},"8":{"type":"branch","line":57,"loc":{"start":{"line":57,"column":63},"end":{"line":57,"column":89}},"locations":[{"start":{"line":57,"column":63},"end":{"line":57,"column":89}}]},"9":{"type":"branch","line":58,"loc":{"start":{"line":58,"column":48},"end":{"line":58,"column":79}},"locations":[{"start":{"line":58,"column":48},"end":{"line":58,"column":79}}]},"10":{"type":"branch","line":66,"loc":{"start":{"line":66,"column":21},"end":{"line":70,"column":4}},"locations":[{"start":{"line":66,"column":21},"end":{"line":70,"column":4}}]},"11":{"type":"branch","line":72,"loc":{"start":{"line":72,"column":23},"end":{"line":80,"column":4}},"locations":[{"start":{"line":72,"column":23},"end":{"line":80,"column":4}}]},"12":{"type":"branch","line":77,"loc":{"start":{"line":77,"column":4},"end":{"line":79,"column":5}},"locations":[{"start":{"line":77,"column":4},"end":{"line":79,"column":5}}]},"13":{"type":"branch","line":108,"loc":{"start":{"line":108,"column":66},"end":{"line":112,"column":12}},"locations":[{"start":{"line":108,"column":66},"end":{"line":112,"column":12}}]},"14":{"type":"branch","line":124,"loc":{"start":{"line":124,"column":18},"end":{"line":127,"column":10}},"locations":[{"start":{"line":124,"column":18},"end":{"line":127,"column":10}}]}},"b":{"0":[8],"1":[3],"2":[5],"3":[2],"4":[0],"5":[2],"6":[1],"7":[6],"8":[1],"9":[1],"10":[1],"11":[1],"12":[0],"13":[1],"14":[1]},"fnMap":{"0":{"name":"DrugList","decl":{"start":{"line":7,"column":27},"end":{"line":146,"column":2}},"loc":{"start":{"line":7,"column":27},"end":{"line":146,"column":2}},"line":7},"1":{"name":"fetchDrugs","decl":{"start":{"line":15,"column":21},"end":{"line":25,"column":4}},"loc":{"start":{"line":15,"column":21},"end":{"line":25,"column":4}},"line":15},"2":{"name":"render","decl":{"start":{"line":55,"column":14},"end":{"line":61,"column":16}},"loc":{"start":{"line":55,"column":14},"end":{"line":61,"column":16}},"line":55},"3":{"name":"onClick","decl":{"start":{"line":57,"column":63},"end":{"line":57,"column":89}},"loc":{"start":{"line":57,"column":63},"end":{"line":57,"column":89}},"line":57},"4":{"name":"onConfirm","decl":{"start":{"line":58,"column":48},"end":{"line":58,"column":79}},"loc":{"start":{"line":58,"column":48},"end":{"line":58,"column":79}},"line":58},"5":{"name":"handleEdit","decl":{"start":{"line":66,"column":21},"end":{"line":70,"column":4}},"loc":{"start":{"line":66,"column":21},"end":{"line":70,"column":4}},"line":66},"6":{"name":"handleDelete","decl":{"start":{"line":72,"column":23},"end":{"line":80,"column":4}},"loc":{"start":{"line":72,"column":23},"end":{"line":80,"column":4}},"line":72},"7":{"name":"handleAdd","decl":{"start":{"line":82,"column":20},"end":{"line":100,"column":4}},"loc":{"start":{"line":82,"column":20},"end":{"line":100,"column":4}},"line":82},"8":{"name":"onClick","decl":{"start":{"line":108,"column":66},"end":{"line":112,"column":12}},"loc":{"start":{"line":108,"column":66},"end":{"line":112,"column":12}},"line":108},"9":{"name":"onCancel","decl":{"start":{"line":124,"column":18},"end":{"line":127,"column":10}},"loc":{"start":{"line":124,"column":18},"end":{"line":127,"column":10}},"line":124}},"f":{"0":8,"1":2,"2":6,"3":1,"4":1,"5":1,"6":1,"7":0,"8":1,"9":1}}
,"E:\\aproj\\cxy\\frontend\\src\\pages\\Login.tsx": {"path":"E:\\aproj\\cxy\\frontend\\src\\pages\\Login.tsx","all":false,"statementMap":{"0":{"start":{"line":1,"column":0},"end":{"line":1,"column":26}},"1":{"start":{"line":2,"column":0},"end":{"line":2,"column":59}},"2":{"start":{"line":3,"column":0},"end":{"line":3,"column":63}},"3":{"start":{"line":4,"column":0},"end":{"line":4,"column":47}},"5":{"start":{"line":6,"column":0},"end":{"line":6,"column":31}},"6":{"start":{"line":7,"column":0},"end":{"line":7,"column":33}},"8":{"start":{"line":9,"column":0},"end":{"line":9,"column":37}},"9":{"start":{"line":10,"column":0},"end":{"line":10,"column":53}},"11":{"start":{"line":12,"column":0},"end":{"line":12,"column":27}},"12":{"start":{"line":13,"column":0},"end":{"line":13,"column":4}},"14":{"start":{"line":15,"column":0},"end":{"line":15,"column":10}},"15":{"start":{"line":16,"column":0},"end":{"line":16,"column":96}},"16":{"start":{"line":17,"column":0},"end":{"line":17,"column":105}},"17":{"start":{"line":18,"column":0},"end":{"line":18,"column":13}},"18":{"start":{"line":19,"column":0},"end":{"line":19,"column":29}},"19":{"start":{"line":20,"column":0},"end":{"line":20,"column":32}},"20":{"start":{"line":21,"column":0},"end":{"line":21,"column":44}},"21":{"start":{"line":22,"column":0},"end":{"line":22,"column":29}},"22":{"start":{"line":23,"column":0},"end":{"line":23,"column":22}},"24":{"start":{"line":25,"column":0},"end":{"line":25,"column":20}},"25":{"start":{"line":26,"column":0},"end":{"line":26,"column":27}},"26":{"start":{"line":27,"column":0},"end":{"line":27,"column":60}},"28":{"start":{"line":29,"column":0},"end":{"line":29,"column":102}},"29":{"start":{"line":30,"column":0},"end":{"line":30,"column":22}},"30":{"start":{"line":31,"column":0},"end":{"line":31,"column":20}},"31":{"start":{"line":32,"column":0},"end":{"line":32,"column":27}},"32":{"start":{"line":33,"column":0},"end":{"line":33,"column":59}},"34":{"start":{"line":35,"column":0},"end":{"line":35,"column":18}},"35":{"start":{"line":36,"column":0},"end":{"line":36,"column":71}},"36":{"start":{"line":37,"column":0},"end":{"line":37,"column":29}},"37":{"start":{"line":38,"column":0},"end":{"line":38,"column":36}},"39":{"start":{"line":40,"column":0},"end":{"line":40,"column":22}},"40":{"start":{"line":41,"column":0},"end":{"line":41,"column":21}},"41":{"start":{"line":42,"column":0},"end":{"line":42,"column":71}},"42":{"start":{"line":43,"column":0},"end":{"line":43,"column":38}},"43":{"start":{"line":44,"column":0},"end":{"line":44,"column":24}},"45":{"start":{"line":46,"column":0},"end":{"line":46,"column":47}},"47":{"start":{"line":48,"column":0},"end":{"line":48,"column":16}},"48":{"start":{"line":49,"column":0},"end":{"line":49,"column":22}},"50":{"start":{"line":51,"column":0},"end":{"line":51,"column":21}},"51":{"start":{"line":52,"column":0},"end":{"line":52,"column":72}},"53":{"start":{"line":54,"column":0},"end":{"line":54,"column":21}},"54":{"start":{"line":55,"column":0},"end":{"line":55,"column":22}},"55":{"start":{"line":56,"column":0},"end":{"line":56,"column":15}},"56":{"start":{"line":57,"column":0},"end":{"line":57,"column":13}},"57":{"start":{"line":58,"column":0},"end":{"line":58,"column":10}},"59":{"start":{"line":60,"column":0},"end":{"line":60,"column":2}},"61":{"start":{"line":62,"column":0},"end":{"line":62,"column":21}}},"s":{"0":1,"1":1,"2":1,"3":1,"5":1,"6":2,"8":2,"9":0,"11":0,"12":0,"14":2,"15":2,"16":2,"17":2,"18":2,"19":2,"20":2,"21":2,"22":2,"24":2,"25":2,"26":2,"28":2,"29":2,"30":2,"31":2,"32":2,"34":2,"35":2,"36":2,"37":2,"39":2,"40":2,"41":2,"42":2,"43":2,"45":2,"47":2,"48":2,"50":2,"51":2,"53":2,"54":2,"55":2,"56":2,"57":2,"59":2,"61":1},"branchMap":{"0":{"type":"branch","line":6,"loc":{"start":{"line":6,"column":24},"end":{"line":60,"column":2}},"locations":[{"start":{"line":6,"column":24},"end":{"line":60,"column":2}}]}},"b":{"0":[2]},"fnMap":{"0":{"name":"Login","decl":{"start":{"line":6,"column":24},"end":{"line":60,"column":2}},"loc":{"start":{"line":6,"column":24},"end":{"line":60,"column":2}},"line":6},"1":{"name":"onFinish","decl":{"start":{"line":9,"column":19},"end":{"line":13,"column":4}},"loc":{"start":{"line":9,"column":19},"end":{"line":13,"column":4}},"line":9}},"f":{"0":2,"1":0}}
,"E:\\aproj\\cxy\\frontend\\src\\services\\api.ts": {"path":"E:\\aproj\\cxy\\frontend\\src\\services\\api.ts","all":false,"statementMap":{"0":{"start":{"line":1,"column":0},"end":{"line":1,"column":26}},"2":{"start":{"line":3,"column":0},"end":{"line":3,"column":26}},"3":{"start":{"line":4,"column":0},"end":{"line":4,"column":42}},"4":{"start":{"line":5,"column":0},"end":{"line":5,"column":3}},"6":{"start":{"line":7,"column":0},"end":{"line":7,"column":70}},"7":{"start":{"line":8,"column":0},"end":{"line":8,"column":88}},"8":{"start":{"line":9,"column":0},"end":{"line":9,"column":105}},"9":{"start":{"line":10,"column":0},"end":{"line":10,"column":91}},"11":{"start":{"line":12,"column":0},"end":{"line":12,"column":93}},"12":{"start":{"line":13,"column":0},"end":{"line":13,"column":110}},"14":{"start":{"line":15,"column":0},"end":{"line":15,"column":50}},"15":{"start":{"line":16,"column":0},"end":{"line":16,"column":65}},"16":{"start":{"line":17,"column":0},"end":{"line":17,"column":51}},"17":{"start":{"line":18,"column":0},"end":{"line":18,"column":66}},"19":{"start":{"line":20,"column":0},"end":{"line":20,"column":19}}},"s":{"0":1,"2":1,"3":1,"4":1,"6":1,"7":1,"8":1,"9":1,"11":1,"12":1,"14":1,"15":1,"16":1,"17":1,"19":1},"branchMap":{"0":{"type":"branch","line":7,"loc":{"start":{"line":7,"column":24},"end":{"line":7,"column":70}},"locations":[{"start":{"line":7,"column":24},"end":{"line":7,"column":70}}]},"1":{"type":"branch","line":7,"loc":{"start":{"line":7,"column":53},"end":{"line":7,"column":68}},"locations":[{"start":{"line":7,"column":53},"end":{"line":7,"column":68}}]},"2":{"type":"branch","line":8,"loc":{"start":{"line":8,"column":26},"end":{"line":8,"column":88}},"locations":[{"start":{"line":8,"column":26},"end":{"line":8,"column":88}}]},"3":{"type":"branch","line":8,"loc":{"start":{"line":8,"column":71},"end":{"line":8,"column":86}},"locations":[{"start":{"line":8,"column":71},"end":{"line":8,"column":86}}]},"4":{"type":"branch","line":9,"loc":{"start":{"line":9,"column":26},"end":{"line":9,"column":105}},"locations":[{"start":{"line":9,"column":26},"end":{"line":9,"column":105}}]},"5":{"type":"branch","line":9,"loc":{"start":{"line":9,"column":88},"end":{"line":9,"column":103}},"locations":[{"start":{"line":9,"column":88},"end":{"line":9,"column":103}}]},"6":{"type":"branch","line":10,"loc":{"start":{"line":10,"column":26},"end":{"line":10,"column":91}},"locations":[{"start":{"line":10,"column":26},"end":{"line":10,"column":91}}]},"7":{"type":"branch","line":10,"loc":{"start":{"line":10,"column":74},"end":{"line":10,"column":89}},"locations":[{"start":{"line":10,"column":74},"end":{"line":10,"column":89}}]},"8":{"type":"branch","line":12,"loc":{"start":{"line":12,"column":29},"end":{"line":12,"column":93}},"locations":[{"start":{"line":12,"column":29},"end":{"line":12,"column":93}}]},"9":{"type":"branch","line":12,"loc":{"start":{"line":12,"column":76},"end":{"line":12,"column":91}},"locations":[{"start":{"line":12,"column":76},"end":{"line":12,"column":91}}]},"10":{"type":"branch","line":13,"loc":{"start":{"line":13,"column":33},"end":{"line":13,"column":110}},"locations":[{"start":{"line":13,"column":33},"end":{"line":13,"column":110}}]},"11":{"type":"branch","line":13,"loc":{"start":{"line":13,"column":93},"end":{"line":13,"column":108}},"locations":[{"start":{"line":13,"column":93},"end":{"line":13,"column":108}}]},"12":{"type":"branch","line":15,"loc":{"start":{"line":15,"column":27},"end":{"line":16,"column":65}},"locations":[{"start":{"line":15,"column":27},"end":{"line":16,"column":65}}]},"13":{"type":"branch","line":17,"loc":{"start":{"line":17,"column":28},"end":{"line":18,"column":66}},"locations":[{"start":{"line":17,"column":28},"end":{"line":18,"column":66}}]}},"b":{"0":[1],"1":[1],"2":[1],"3":[1],"4":[1],"5":[1],"6":[1],"7":[1],"8":[1],"9":[1],"10":[1],"11":[1],"12":[1],"13":[1]},"fnMap":{"0":{"name":"getDrugs","decl":{"start":{"line":7,"column":24},"end":{"line":7,"column":70}},"loc":{"start":{"line":7,"column":24},"end":{"line":7,"column":70}},"line":7},"1":{"name":"createDrug","decl":{"start":{"line":8,"column":26},"end":{"line":8,"column":88}},"loc":{"start":{"line":8,"column":26},"end":{"line":8,"column":88}},"line":8},"2":{"name":"updateDrug","decl":{"start":{"line":9,"column":26},"end":{"line":9,"column":105}},"loc":{"start":{"line":9,"column":26},"end":{"line":9,"column":105}},"line":9},"3":{"name":"deleteDrug","decl":{"start":{"line":10,"column":26},"end":{"line":10,"column":91}},"loc":{"start":{"line":10,"column":26},"end":{"line":10,"column":91}},"line":10},"4":{"name":"startAnalysis","decl":{"start":{"line":12,"column":29},"end":{"line":12,"column":93}},"loc":{"start":{"line":12,"column":29},"end":{"line":12,"column":93}},"line":12},"5":{"name":"getAnalysisStatus","decl":{"start":{"line":13,"column":33},"end":{"line":13,"column":110}},"loc":{"start":{"line":13,"column":33},"end":{"line":13,"column":110}},"line":13},"6":{"name":"downloadPdf","decl":{"start":{"line":15,"column":27},"end":{"line":16,"column":65}},"loc":{"start":{"line":15,"column":27},"end":{"line":16,"column":65}},"line":15},"7":{"name":"downloadDocx","decl":{"start":{"line":17,"column":28},"end":{"line":18,"column":66}},"loc":{"start":{"line":17,"column":28},"end":{"line":18,"column":66}},"line":17}},"f":{"0":1,"1":1,"2":1,"3":1,"4":1,"5":1,"6":1,"7":1}}
,"E:\\aproj\\cxy\\frontend\\src\\store\\index.ts": {"path":"E:\\aproj\\cxy\\frontend\\src\\store\\index.ts","all":false,"statementMap":{"0":{"start":{"line":1,"column":0},"end":{"line":1,"column":33}},"12":{"start":{"line":13,"column":0},"end":{"line":13,"column":46}},"13":{"start":{"line":14,"column":0},"end":{"line":14,"column":10}},"14":{"start":{"line":15,"column":0},"end":{"line":15,"column":15}},"15":{"start":{"line":16,"column":0},"end":{"line":16,"column":17}},"16":{"start":{"line":17,"column":0},"end":{"line":17,"column":21}},"17":{"start":{"line":18,"column":0},"end":{"line":18,"column":19}},"18":{"start":{"line":19,"column":0},"end":{"line":19,"column":39}},"19":{"start":{"line":20,"column":0},"end":{"line":20,"column":42}},"20":{"start":{"line":21,"column":0},"end":{"line":21,"column":45}},"21":{"start":{"line":22,"column":0},"end":{"line":22,"column":7}},"22":{"start":{"line":23,"column":0},"end":{"line":23,"column":5}},"23":{"start":{"line":24,"column":0},"end":{"line":24,"column":26}},"24":{"start":{"line":25,"column":0},"end":{"line":25,"column":5}},"25":{"start":{"line":26,"column":0},"end":{"line":26,"column":3}},"26":{"start":{"line":27,"column":0},"end":{"line":27,"column":2}}},"s":{"0":1,"12":1,"13":1,"14":1,"15":3,"16":3,"17":3,"18":3,"19":3,"20":3,"21":3,"22":1,"23":1,"24":1,"25":1,"26":1},"branchMap":{"0":{"type":"branch","line":15,"loc":{"start":{"line":15,"column":5},"end":{"line":22,"column":7}},"locations":[{"start":{"line":15,"column":5},"end":{"line":22,"column":7}}]},"1":{"type":"branch","line":19,"loc":{"start":{"line":19,"column":16},"end":{"line":19,"column":39}},"locations":[{"start":{"line":19,"column":16},"end":{"line":19,"column":39}}]},"2":{"type":"branch","line":20,"loc":{"start":{"line":20,"column":17},"end":{"line":20,"column":42}},"locations":[{"start":{"line":20,"column":17},"end":{"line":20,"column":42}}]},"3":{"type":"branch","line":21,"loc":{"start":{"line":21,"column":18},"end":{"line":21,"column":45}},"locations":[{"start":{"line":21,"column":18},"end":{"line":21,"column":45}}]}},"b":{"0":[3],"1":[1],"2":[2],"3":[2]},"fnMap":{"0":{"name":"__vite_ssr_import_0__.create.__vite_ssr_import_1__.persist.name","decl":{"start":{"line":15,"column":5},"end":{"line":22,"column":7}},"loc":{"start":{"line":15,"column":5},"end":{"line":22,"column":7}},"line":15},"1":{"name":"setUser","decl":{"start":{"line":19,"column":16},"end":{"line":19,"column":39}},"loc":{"start":{"line":19,"column":16},"end":{"line":19,"column":39}},"line":19},"2":{"name":"setTheme","decl":{"start":{"line":20,"column":17},"end":{"line":20,"column":42}},"loc":{"start":{"line":20,"column":17},"end":{"line":20,"column":42}},"line":20},"3":{"name":"setLocale","decl":{"start":{"line":21,"column":18},"end":{"line":21,"column":45}},"loc":{"start":{"line":21,"column":18},"end":{"line":21,"column":45}},"line":21}},"f":{"0":3,"1":1,"2":2,"3":2}}
}
